[0m14:43:16.393152 [debug] [MainThread]: Sending event: {'category': 'dbt', 'action': 'invocation', 'label': 'start', 'context': [<snowplow_tracker.self_describing_json.SelfDescribingJson object at 0x106719f90>, <snowplow_tracker.self_describing_json.SelfDescribingJson object at 0x110d90610>, <snowplow_tracker.self_describing_json.SelfDescribingJson object at 0x110d91150>]}


============================== 14:43:16.395849 | 823109e2-adc3-4bc9-99c3-da4bd9acdec3 ==============================
[0m14:43:16.395849 [info ] [MainThread]: Running with dbt=1.6.0
[0m14:43:16.396292 [debug] [MainThread]: running dbt with arguments {'printer_width': '80', 'indirect_selection': 'eager', 'log_cache_events': 'False', 'write_json': 'True', 'partial_parse': 'True', 'cache_selected_only': 'False', 'profiles_dir': '/Users/jimzer/.dbt', 'debug': 'False', 'fail_fast': 'False', 'log_path': 'logs', 'warn_error': 'None', 'version_check': 'True', 'use_colors': 'True', 'use_experimental_parser': 'False', 'no_print': 'None', 'quiet': 'False', 'warn_error_options': 'WarnErrorOptions(include=[], exclude=[])', 'invocation_command': 'dbt init awesometel-datamart', 'introspect': 'True', 'log_format': 'default', 'target_path': 'None', 'static_parser': 'True', 'send_anonymous_usage_stats': 'True'}
[0m14:43:26.651546 [debug] [MainThread]: Starter project path: /Users/jimzer/Library/Caches/pypoetry/virtualenvs/proxinea-1hT-04FQ-py3.10/lib/python3.10/site-packages/dbt/include/starter_project
[0m14:43:26.663682 [info ] [MainThread]: 
Your new dbt project "awesometel_datamart" was created!

For more information on how to configure the profiles.yml file,
please consult the dbt documentation here:

  https://docs.getdbt.com/docs/configure-your-profile

One more thing:

Need help? Don't hesitate to reach out to us via GitHub issues or on Slack:

  https://community.getdbt.com/

Happy modeling!

[0m14:43:26.664470 [info ] [MainThread]: Setting up your profile.
[0m14:43:32.364898 [info ] [MainThread]: Profile awesometel_datamart written to /Users/jimzer/.dbt/profiles.yml using target's sample configuration. Once updated, you'll be able to start developing with dbt.
[0m14:43:32.365684 [debug] [MainThread]: Command `dbt init` succeeded at 14:43:32.365536 after 15.99 seconds
[0m14:43:32.366107 [debug] [MainThread]: Sending event: {'category': 'dbt', 'action': 'invocation', 'label': 'end', 'context': [<snowplow_tracker.self_describing_json.SelfDescribingJson object at 0x106719f90>, <snowplow_tracker.self_describing_json.SelfDescribingJson object at 0x1044ac640>, <snowplow_tracker.self_describing_json.SelfDescribingJson object at 0x107342d10>]}
[0m14:43:32.366481 [debug] [MainThread]: Flushing usage events
[0m14:49:11.919831 [debug] [MainThread]: Sending event: {'category': 'dbt', 'action': 'invocation', 'label': 'start', 'context': [<snowplow_tracker.self_describing_json.SelfDescribingJson object at 0x1053bdf90>, <snowplow_tracker.self_describing_json.SelfDescribingJson object at 0x107c91c30>, <snowplow_tracker.self_describing_json.SelfDescribingJson object at 0x107c91870>]}


============================== 14:49:11.923313 | edb40705-74d2-4d0b-bf6d-0ca6a66fa7f9 ==============================
[0m14:49:11.923313 [info ] [MainThread]: Running with dbt=1.6.0
[0m14:49:11.923796 [debug] [MainThread]: running dbt with arguments {'printer_width': '80', 'indirect_selection': 'eager', 'log_cache_events': 'False', 'write_json': 'True', 'partial_parse': 'True', 'cache_selected_only': 'False', 'profiles_dir': '/Users/jimzer/.dbt', 'debug': 'False', 'fail_fast': 'False', 'log_path': 'logs', 'warn_error': 'None', 'version_check': 'True', 'use_colors': 'True', 'use_experimental_parser': 'False', 'no_print': 'None', 'quiet': 'False', 'warn_error_options': 'WarnErrorOptions(include=[], exclude=[])', 'invocation_command': 'dbt debug', 'introspect': 'True', 'log_format': 'default', 'target_path': 'None', 'static_parser': 'True', 'send_anonymous_usage_stats': 'True'}
[0m14:49:11.924352 [info ] [MainThread]: dbt version: 1.6.0
[0m14:49:11.924724 [info ] [MainThread]: python version: 3.10.7
[0m14:49:11.925074 [info ] [MainThread]: python path: /Users/jimzer/Library/Caches/pypoetry/virtualenvs/proxinea-1hT-04FQ-py3.10/bin/python
[0m14:49:11.925352 [info ] [MainThread]: os info: macOS-13.2.1-arm64-arm-64bit
[0m14:49:11.968578 [info ] [MainThread]: Using profiles dir at /Users/jimzer/.dbt
[0m14:49:11.969007 [info ] [MainThread]: Using profiles.yml file at /Users/jimzer/.dbt/profiles.yml
[0m14:49:11.969299 [info ] [MainThread]: Using dbt_project.yml file at /Users/jimzer/Projects/interviews/proxinea/dbt-project/dbt_project.yml
[0m14:49:11.969805 [info ] [MainThread]: adapter type: postgres
[0m14:49:11.970103 [info ] [MainThread]: adapter version: 1.6.0
[0m14:49:11.970519 [info ] [MainThread]: Configuration:
[0m14:49:11.970846 [info ] [MainThread]:   profiles.yml file [[32mOK found and valid[0m]
[0m14:49:11.971124 [info ] [MainThread]:   dbt_project.yml file [[31mERROR not found[0m]
[0m14:49:11.971384 [info ] [MainThread]: Required dependencies:
[0m14:49:11.971688 [debug] [MainThread]: Executing "git --help"
[0m14:49:11.998974 [debug] [MainThread]: STDOUT: "b"usage: git [-v | --version] [-h | --help] [-C <path>] [-c <name>=<value>]\n           [--exec-path[=<path>]] [--html-path] [--man-path] [--info-path]\n           [-p | --paginate | -P | --no-pager] [--no-replace-objects] [--bare]\n           [--git-dir=<path>] [--work-tree=<path>] [--namespace=<name>]\n           [--super-prefix=<path>] [--config-env=<name>=<envvar>]\n           <command> [<args>]\n\nThese are common Git commands used in various situations:\n\nstart a working area (see also: git help tutorial)\n   clone     Clone a repository into a new directory\n   init      Create an empty Git repository or reinitialize an existing one\n\nwork on the current change (see also: git help everyday)\n   add       Add file contents to the index\n   mv        Move or rename a file, a directory, or a symlink\n   restore   Restore working tree files\n   rm        Remove files from the working tree and from the index\n\nexamine the history and state (see also: git help revisions)\n   bisect    Use binary search to find the commit that introduced a bug\n   diff      Show changes between commits, commit and working tree, etc\n   grep      Print lines matching a pattern\n   log       Show commit logs\n   show      Show various types of objects\n   status    Show the working tree status\n\ngrow, mark and tweak your common history\n   branch    List, create, or delete branches\n   commit    Record changes to the repository\n   merge     Join two or more development histories together\n   rebase    Reapply commits on top of another base tip\n   reset     Reset current HEAD to the specified state\n   switch    Switch branches\n   tag       Create, list, delete or verify a tag object signed with GPG\n\ncollaborate (see also: git help workflows)\n   fetch     Download objects and refs from another repository\n   pull      Fetch from and integrate with another repository or a local branch\n   push      Update remote refs along with associated objects\n\n'git help -a' and 'git help -g' list available subcommands and some\nconcept guides. See 'git help <command>' or 'git help <concept>'\nto read about a specific subcommand or concept.\nSee 'git help git' for an overview of the system.\n""
[0m14:49:11.999718 [debug] [MainThread]: STDERR: "b''"
[0m14:49:12.000062 [info ] [MainThread]:  - git [[32mOK found[0m]

[0m14:49:12.000367 [info ] [MainThread]: Connection:
[0m14:49:12.000695 [info ] [MainThread]:   host: proxinea-db3.postgres.database.azure.com
[0m14:49:12.000958 [info ] [MainThread]:   port: 5432
[0m14:49:12.001285 [info ] [MainThread]:   user: db3_user
[0m14:49:12.001832 [info ] [MainThread]:   database: db3
[0m14:49:12.002170 [info ] [MainThread]:   schema: dev
[0m14:49:12.002452 [info ] [MainThread]:   connect_timeout: 10
[0m14:49:12.002712 [info ] [MainThread]:   role: None
[0m14:49:12.002964 [info ] [MainThread]:   search_path: None
[0m14:49:12.003216 [info ] [MainThread]:   keepalives_idle: 0
[0m14:49:12.003460 [info ] [MainThread]:   sslmode: None
[0m14:49:12.003721 [info ] [MainThread]:   sslcert: None
[0m14:49:12.003976 [info ] [MainThread]:   sslkey: None
[0m14:49:12.004221 [info ] [MainThread]:   sslrootcert: None
[0m14:49:12.004471 [info ] [MainThread]:   application_name: dbt
[0m14:49:12.004715 [info ] [MainThread]:   retries: 1
[0m14:49:12.005125 [info ] [MainThread]: Registered adapter: postgres=1.6.0
[0m14:49:12.039372 [debug] [MainThread]: Acquiring new postgres connection 'debug'
[0m14:49:12.040132 [debug] [MainThread]: Using postgres connection "debug"
[0m14:49:12.040419 [debug] [MainThread]: On debug: select 1 as id
[0m14:49:12.040697 [debug] [MainThread]: Opening a new connection, currently in state init
[0m14:49:12.752741 [debug] [MainThread]: SQL status: SELECT 1 in 1.0 seconds
[0m14:49:12.760151 [debug] [MainThread]: On debug: Close
[0m14:49:12.761165 [info ] [MainThread]:   Connection test: [[32mOK connection ok[0m]

[0m14:49:12.761641 [info ] [MainThread]: [31m1 check failed:[0m
[0m14:49:12.762040 [info ] [MainThread]: Project loading failed for the following reason:
 project path </Users/jimzer/Projects/interviews/proxinea/dbt-project/dbt_project.yml> not found

[0m14:49:12.763105 [debug] [MainThread]: Command `dbt debug` failed at 14:49:12.762958 after 0.86 seconds
[0m14:49:12.763629 [debug] [MainThread]: Connection 'debug' was properly closed.
[0m14:49:12.764131 [debug] [MainThread]: Sending event: {'category': 'dbt', 'action': 'invocation', 'label': 'end', 'context': [<snowplow_tracker.self_describing_json.SelfDescribingJson object at 0x1053bdf90>, <snowplow_tracker.self_describing_json.SelfDescribingJson object at 0x107c93310>, <snowplow_tracker.self_describing_json.SelfDescribingJson object at 0x107c93e80>]}
[0m14:49:12.764752 [debug] [MainThread]: Flushing usage events
